<?xml version="1.0" encoding="UTF-8"?>
<!-- Generated by org.testng.reporters.JUnitReportReporter -->
<testsuite hostname="MSI" failures="0" tests="1" name="PUT_PATCH_DELETE_Examples" time="1.146" errors="0" timestamp="2024-07-27T19:29:17 PDT" skipped="0">
  <testcase classname="PUT_PATCH_DELETE_Examples" name="testDelete" time="1.146"/>
</testsuite> <!-- PUT_PATCH_DELETE_Examples -->
