<?xml version="1.0" encoding="UTF-8"?>
<!-- Generated by org.testng.reporters.JUnitReportReporter -->
<testsuite hostname="MSI" failures="0" tests="1" name="Test02_GET" time="1.206" errors="0" timestamp="2024-07-27T17:21:41 PDT" skipped="0">
  <testcase classname="Test02_GET" name="test_02" time="1.206"/>
</testsuite> <!-- Test02_GET -->
