<?xml version="1.0" encoding="UTF-8"?>
<!-- Generated by org.testng.reporters.JUnitReportReporter -->
<testsuite hostname="MSI" failures="0" tests="3" name="PUT_PATCH_DELETE_Examples" time="1.171" errors="0" timestamp="2024-07-30T17:44:18 PDT" skipped="0">
  <testcase classname="PUT_PATCH_DELETE_Examples" name="testDelete" time="0.416"/>
  <testcase classname="PUT_PATCH_DELETE_Examples" name="testPut" time="0.380"/>
  <testcase classname="PUT_PATCH_DELETE_Examples" name="testPatch" time="0.375"/>
</testsuite> <!-- PUT_PATCH_DELETE_Examples -->
