<?xml version="1.0" encoding="UTF-8"?>
<!-- Generated by org.testng.reporters.JUnitReportReporter -->
<testsuite hostname="MSI" failures="0" tests="2" name="GETandPOSTexamples" time="0.476" errors="0" timestamp="2024-07-30T17:44:18 PDT" skipped="0">
  <testcase classname="GETandPOSTexamples" name="testGet" time="0.074"/>
  <testcase classname="GETandPOSTexamples" name="testPost" time="0.402"/>
</testsuite> <!-- GETandPOSTexamples -->
