<?xml version="1.0" encoding="UTF-8"?>
<!-- Generated by org.testng.reporters.JUnitReportReporter -->
<testsuite hostname="MSI" failures="0" tests="6" name="DataDrivenExamples" time="3.654" errors="0" timestamp="2024-07-29T18:01:16 PDT" skipped="0">
  <testcase classname="DataDrivenExamples" name="testPost" time="0.471"/>
  <testcase classname="DataDrivenExamples" name="testDelete" time="0.409"/>
  <testcase classname="DataDrivenExamples" name="testDelete" time="1.502"/>
  <testcase classname="DataDrivenExamples" name="testPost" time="0.410"/>
  <testcase classname="DataDrivenExamples" name="testDelete" time="0.391"/>
  <testcase classname="DataDrivenExamples" name="testDelete2" time="0.471"/>
</testsuite> <!-- DataDrivenExamples -->
