<?xml version="1.0" encoding="UTF-8"?>
<!-- Generated by org.testng.reporters.JUnitReportReporter -->
<testsuite hostname="MSI" failures="0" tests="6" name="DataDrivenExamples" time="3.053" errors="0" timestamp="2024-07-30T17:41:10 PDT" skipped="0">
  <testcase classname="DataDrivenExamples" name="testDelete" time="0.369"/>
  <testcase classname="DataDrivenExamples" name="testDelete2" time="0.371"/>
  <testcase classname="DataDrivenExamples" name="testPost" time="0.384"/>
  <testcase classname="DataDrivenExamples" name="testPost" time="0.416"/>
  <testcase classname="DataDrivenExamples" name="testDelete" time="1.121"/>
  <testcase classname="DataDrivenExamples" name="testDelete" time="0.392"/>
</testsuite> <!-- DataDrivenExamples -->
