<?xml version="1.0" encoding="UTF-8"?>
<!-- Generated by org.testng.reporters.JUnitReportReporter -->
<testsuite hostname="MSI" failures="0" tests="1" name="POSTRegisterSuccessfulFromExcel" time="0.399" errors="0" timestamp="2024-07-30T17:44:18 PDT" skipped="0">
  <testcase classname="POSTRegisterSuccessfulFromExcel" name="testPostRegister" time="0.399"/>
</testsuite> <!-- POSTRegisterSuccessfulFromExcel -->
