<?xml version="1.0" encoding="UTF-8"?>
<!-- Generated by org.testng.reporters.JUnitReportReporter -->
<testsuite hostname="MSI" failures="0" tests="1" name="Test01_GET" time="0.094" errors="0" timestamp="2024-07-30T17:44:18 PDT" skipped="0">
  <testcase classname="Test01_GET" name="test_01" time="0.094"/>
</testsuite> <!-- Test01_GET -->
