<?xml version="1.0" encoding="UTF-8"?>
<!-- Generated by org.testng.reporters.JUnitReportReporter -->
<testsuite hostname="MSI" failures="0" tests="1" name="JSONSchemaValidator" time="1.221" errors="0" timestamp="2024-07-30T17:56:29 PDT" skipped="0">
  <testcase classname="JSONSchemaValidator" name="testGet" time="1.221"/>
</testsuite> <!-- JSONSchemaValidator -->
