<?xml version="1.0" encoding="UTF-8"?>
<!-- Generated by org.testng.reporters.JUnitReportReporter -->
<testsuite hostname="MSI" failures="0" tests="1" name="POSTRegisterUnsuccessful" time="1.513" errors="0" timestamp="2024-07-30T17:44:18 PDT" skipped="0">
  <testcase classname="POSTRegisterUnsuccessful" name="testPostRegister" time="1.513"/>
</testsuite> <!-- POSTRegisterUnsuccessful -->
