<?xml version="1.0" encoding="UTF-8"?>
<!-- Generated by org.testng.reporters.JUnitReportReporter -->
<testsuite hostname="MSI" failures="0" tests="2" name="GETandPOSTexamples" time="1.585" errors="0" timestamp="2024-07-27T18:11:54 PDT" skipped="0">
  <testcase classname="GETandPOSTexamples" name="testPost" time="0.449"/>
  <testcase classname="GETandPOSTexamples" name="testGet" time="1.136"/>
</testsuite> <!-- GETandPOSTexamples -->
