<?xml version="1.0" encoding="UTF-8"?>
<!-- Generated by org.testng.reporters.JUnitReportReporter -->
<testsuite hostname="MSI" failures="0" tests="1" name="Test01_GET" time="1.171" errors="0" timestamp="2024-07-27T16:50:23 PDT" skipped="0">
  <testcase classname="Test01_GET" name="test_01" time="1.171"/>
</testsuite> <!-- Test01_GET -->
